Build started 15/07/2015 08:06:57.
     1>Project "C:\Users\Malcolm\documents\visual studio 2013\Projects\ImageToSVG\ImageToSVG\ImageToSVG.vcxproj" on node 2 (Build target(s)).
     1>ClCompile:
         C:\Program Files (x86)\Microsoft Visual Studio 12.0\VC\bin\CL.exe /c /Zi /nologo /W3 /WX- /sdl /O2 /Oi /Oy- /GL /D _CRT_SECURE_NO_WARNINGS /D _MBCS /Gm- /EHsc /MD /GS /Gy /fp:precise /Zc:wchar_t /Zc:forScope /Fo"Release\\" /Fd"Release\vc120.pdb" /Gd /TC /analyze- /errorReport:prompt main.c
         main.c
       Link:
         C:\Program Files (x86)\Microsoft Visual Studio 12.0\VC\bin\link.exe /ERRORREPORT:PROMPT /OUT:"C:\Users\Malcolm\documents\visual studio 2013\Projects\ImageToSVG\Release\ImageToSVG.exe" /NOLOGO kernel32.lib user32.lib gdi32.lib winspool.lib comdlg32.lib advapi32.lib shell32.lib ole32.lib oleaut32.lib uuid.lib odbc32.lib odbccp32.lib /MANIFEST /MANIFESTUAC:"level='asInvoker' uiAccess='false'" /manifest:embed /DEBUG /PDB:"C:\Users\Malcolm\documents\visual studio 2013\Projects\ImageToSVG\Release\ImageToSVG.pdb" /OPT:REF /OPT:ICF /LTCG /TLBID:1 /DYNAMICBASE /NXCOMPAT /IMPLIB:"C:\Users\Malcolm\documents\visual studio 2013\Projects\ImageToSVG\Release\ImageToSVG.lib" /MACHINE:X86 /SAFESEH Release\bezierfit.obj
         Release\binaryutils.obj
         Release\bmp.obj
         Release\gif.obj
         Release\greyscaletosvg.obj
         Release\jpeg.obj
         Release\loadimage.obj
         Release\lodepng.obj
         Release\main.obj
         Release\options.obj
         Release\rbtree.obj
         Generating code
         Finished generating code
         ImageToSVG.vcxproj -> C:\Users\Malcolm\documents\visual studio 2013\Projects\ImageToSVG\Release\ImageToSVG.exe
     1>Done Building Project "C:\Users\Malcolm\documents\visual studio 2013\Projects\ImageToSVG\ImageToSVG\ImageToSVG.vcxproj" (Build target(s)).

Build succeeded.

Time Elapsed 00:00:00.92
