Build started 13/07/2015 23:39:13.
     1>Project "c:\Users\Malcolm\documents\visual studio 2013\Projects\ImageToSVG\ImageToSVG\ImageToSVG.vcxproj" on node 2 (Build target(s)).
     1>ClCompile:
         C:\Program Files (x86)\Microsoft Visual Studio 12.0\VC\bin\CL.exe /c /ZI /nologo /W3 /WX- /sdl /Od /Oy- /D _CRT_SECURE_NO_WARNINGS /D _MBCS /Gm /EHsc /RTC1 /MDd /GS /fp:precise /Zc:wchar_t /Zc:forScope /Fo"Debug\\" /Fd"Debug\vc120.pdb" /Gd /TC /analyze- /errorReport:prompt greyscaletosvg.c
         greyscaletosvg.c
     1>c:\users\malcolm\documents\visual studio 2013\projects\imagetosvg\imagetosvg\greyscaletosvg.c(60): warning C4020: 'filtervalsprecious' : too many actual parameters
     1>c:\users\malcolm\documents\visual studio 2013\projects\imagetosvg\imagetosvg\greyscaletosvg.c(61): warning C4020: 'filtervalsprecious' : too many actual parameters
     1>c:\users\malcolm\documents\visual studio 2013\projects\imagetosvg\imagetosvg\greyscaletosvg.c(112): warning C4029: declared formal parameter list different from definition
       Link:
         C:\Program Files (x86)\Microsoft Visual Studio 12.0\VC\bin\link.exe /ERRORREPORT:PROMPT /OUT:"c:\users\malcolm\documents\visual studio 2013\Projects\ImageToSVG\Debug\ImageToSVG.exe" /INCREMENTAL /NOLOGO kernel32.lib user32.lib gdi32.lib winspool.lib comdlg32.lib advapi32.lib shell32.lib ole32.lib oleaut32.lib uuid.lib odbc32.lib odbccp32.lib /MANIFEST /MANIFESTUAC:"level='asInvoker' uiAccess='false'" /manifest:embed /DEBUG /PDB:"c:\users\malcolm\documents\visual studio 2013\Projects\ImageToSVG\Debug\ImageToSVG.pdb" /TLBID:1 /DYNAMICBASE /NXCOMPAT /IMPLIB:"c:\users\malcolm\documents\visual studio 2013\Projects\ImageToSVG\Debug\ImageToSVG.lib" /MACHINE:X86 Debug\bezierfit.obj
         Debug\binaryutils.obj
         Debug\bmp.obj
         Debug\gif.obj
         Debug\greyscaletosvg.obj
         Debug\jpeg.obj
         Debug\loadimage.obj
         Debug\lodepng.obj
         Debug\main.obj
         Debug\rbtree.obj
         ImageToSVG.vcxproj -> c:\users\malcolm\documents\visual studio 2013\Projects\ImageToSVG\Debug\ImageToSVG.exe
     1>Done Building Project "c:\Users\Malcolm\documents\visual studio 2013\Projects\ImageToSVG\ImageToSVG\ImageToSVG.vcxproj" (Build target(s)).

Build succeeded.

Time Elapsed 00:00:00.75
